Performing C SOURCE FILE Test CMAKE_HAVE_LIBC_PTHREAD failed with the following output:
Change Dir: /home/casper/swarm_ws/build/CMakeFiles/CMakeTmp

Run Build Command(s):/usr/bin/make cmTC_525de/fast && /usr/bin/make -f CMakeFiles/cmTC_525de.dir/build.make CMakeFiles/cmTC_525de.dir/build
make[1]: Entering directory '/home/casper/swarm_ws/build/CMakeFiles/CMakeTmp'
Building C object CMakeFiles/cmTC_525de.dir/src.c.o
/usr/bin/cc   -DCMAKE_HAVE_LIBC_PTHREAD   -o CMakeFiles/cmTC_525de.dir/src.c.o   -c /home/casper/swarm_ws/build/CMakeFiles/CMakeTmp/src.c
Linking C executable cmTC_525de
/usr/bin/cmake -E cmake_link_script CMakeFiles/cmTC_525de.dir/link.txt --verbose=1
/usr/bin/cc  -DCMAKE_HAVE_LIBC_PTHREAD    -rdynamic CMakeFiles/cmTC_525de.dir/src.c.o  -o cmTC_525de 
/usr/bin/ld: CMakeFiles/cmTC_525de.dir/src.c.o: in function `main':
src.c:(.text+0x46): undefined reference to `pthread_create'
/usr/bin/ld: src.c:(.text+0x52): undefined reference to `pthread_detach'
/usr/bin/ld: src.c:(.text+0x63): undefined reference to `pthread_join'
collect2: error: ld returned 1 exit status
make[1]: *** [CMakeFiles/cmTC_525de.dir/build.make:87: cmTC_525de] Error 1
make[1]: Leaving directory '/home/casper/swarm_ws/build/CMakeFiles/CMakeTmp'
make: *** [Makefile:121: cmTC_525de/fast] Error 2


Source file was:
#include <pthread.h>

void* test_func(void* data)
{
  return data;
}

int main(void)
{
  pthread_t thread;
  pthread_create(&thread, NULL, test_func, NULL);
  pthread_detach(thread);
  pthread_join(thread, NULL);
  pthread_atfork(NULL, NULL, NULL);
  pthread_exit(NULL);

  return 0;
}

Determining if the function pthread_create exists in the pthreads failed with the following output:
Change Dir: /home/casper/swarm_ws/build/CMakeFiles/CMakeTmp

Run Build Command(s):/usr/bin/make cmTC_628a5/fast && /usr/bin/make -f CMakeFiles/cmTC_628a5.dir/build.make CMakeFiles/cmTC_628a5.dir/build
make[1]: Entering directory '/home/casper/swarm_ws/build/CMakeFiles/CMakeTmp'
Building C object CMakeFiles/cmTC_628a5.dir/CheckFunctionExists.c.o
/usr/bin/cc   -DCHECK_FUNCTION_EXISTS=pthread_create   -o CMakeFiles/cmTC_628a5.dir/CheckFunctionExists.c.o   -c /usr/share/cmake-3.16/Modules/CheckFunctionExists.c
Linking C executable cmTC_628a5
/usr/bin/cmake -E cmake_link_script CMakeFiles/cmTC_628a5.dir/link.txt --verbose=1
/usr/bin/cc  -DCHECK_FUNCTION_EXISTS=pthread_create    -rdynamic CMakeFiles/cmTC_628a5.dir/CheckFunctionExists.c.o  -o cmTC_628a5  -lpthreads 
/usr/bin/ld: cannot find -lpthreads
collect2: error: ld returned 1 exit status
make[1]: *** [CMakeFiles/cmTC_628a5.dir/build.make:87: cmTC_628a5] Error 1
make[1]: Leaving directory '/home/casper/swarm_ws/build/CMakeFiles/CMakeTmp'
make: *** [Makefile:121: cmTC_628a5/fast] Error 2



Determining if the include file FL/Fl.H exists failed with the following output:
Change Dir: /home/casper/swarm_ws/build/CMakeFiles/CMakeTmp

Run Build Command(s):/usr/bin/make cmTC_463b5/fast && /usr/bin/make -f CMakeFiles/cmTC_463b5.dir/build.make CMakeFiles/cmTC_463b5.dir/build
make[1]: Entering directory '/home/casper/swarm_ws/build/CMakeFiles/CMakeTmp'
Building CXX object CMakeFiles/cmTC_463b5.dir/CheckIncludeFile.cxx.o
/usr/bin/c++     -o CMakeFiles/cmTC_463b5.dir/CheckIncludeFile.cxx.o -c /home/casper/swarm_ws/build/CMakeFiles/CMakeTmp/CheckIncludeFile.cxx
/home/casper/swarm_ws/build/CMakeFiles/CMakeTmp/CheckIncludeFile.cxx:1:10: fatal error: FL/Fl.H: No such file or directory
    1 | #include <FL/Fl.H>
      |          ^~~~~~~~~
compilation terminated.
make[1]: *** [CMakeFiles/cmTC_463b5.dir/build.make:66: CMakeFiles/cmTC_463b5.dir/CheckIncludeFile.cxx.o] Error 1
make[1]: Leaving directory '/home/casper/swarm_ws/build/CMakeFiles/CMakeTmp'
make: *** [Makefile:121: cmTC_463b5/fast] Error 2



Determining if the include file pgm.h exists failed with the following output:
Change Dir: /home/casper/swarm_ws/build/CMakeFiles/CMakeTmp

Run Build Command(s):/usr/bin/make cmTC_bcddf/fast && /usr/bin/make -f CMakeFiles/cmTC_bcddf.dir/build.make CMakeFiles/cmTC_bcddf.dir/build
make[1]: Entering directory '/home/casper/swarm_ws/build/CMakeFiles/CMakeTmp'
Building CXX object CMakeFiles/cmTC_bcddf.dir/CheckIncludeFile.cxx.o
/usr/bin/c++     -o CMakeFiles/cmTC_bcddf.dir/CheckIncludeFile.cxx.o -c /home/casper/swarm_ws/build/CMakeFiles/CMakeTmp/CheckIncludeFile.cxx
/home/casper/swarm_ws/build/CMakeFiles/CMakeTmp/CheckIncludeFile.cxx:1:10: fatal error: pgm.h: No such file or directory
    1 | #include <pgm.h>
      |          ^~~~~~~
compilation terminated.
make[1]: *** [CMakeFiles/cmTC_bcddf.dir/build.make:66: CMakeFiles/cmTC_bcddf.dir/CheckIncludeFile.cxx.o] Error 1
make[1]: Leaving directory '/home/casper/swarm_ws/build/CMakeFiles/CMakeTmp'
make: *** [Makefile:121: cmTC_bcddf/fast] Error 2



